###############################################################
#  Generated by:      Cadence Innovus 17.11-s080_1
#  OS:                Linux x86_64(Host ID localhost.localdomain)
#  Generated on:      Sun Oct 24 13:20:08 2021
#  Design:            IIR_1lookahead
#  Command:           verifyConnectivity -type all -error 1000 -warning 50
###############################################################
Verify Connectivity Report is created on Sun Oct 24 13:20:08 2021



Net VDD: has special routes with opens at (5.130, 85.745) (90.250, 86.735)
Net VDD: has special routes with opens at (5.130, 82.945) (90.250, 83.935)
Net VDD: has special routes with opens at (5.130, 80.145) (90.250, 81.135)
Net VDD: has special routes with opens at (5.130, 77.345) (90.250, 78.300)
Net VDD: has special routes with opens at (5.130, 74.545) (90.250, 75.500)
Net VDD: has special routes with opens at (5.130, 71.745) (90.250, 72.700)
Net VDD: has special routes with opens at (5.130, 68.945) (90.250, 69.935)
Net VDD: has special routes with opens at (5.130, 66.145) (90.250, 67.135)
Net VDD: has special routes with opens at (5.130, 63.345) (90.250, 64.335)
Net VDD: has special routes with opens at (5.130, 60.545) (90.250, 61.535)
Net VDD: has special routes with opens at (5.130, 57.745) (90.250, 58.735)
Net VDD: has special routes with opens at (5.130, 54.980) (90.250, 55.935)
Net VDD: has special routes with opens at (5.130, 52.145) (90.250, 53.100)
Net VDD: has special routes with opens at (5.130, 49.380) (90.250, 50.335)
Net VDD: has special routes with opens at (5.130, 46.545) (90.250, 47.535)
Net VDD: has special routes with opens at (5.130, 43.745) (90.250, 44.735)
Net VDD: has special routes with opens at (5.130, 40.945) (90.250, 41.935)
Net VDD: has special routes with opens at (5.130, 38.180) (90.250, 39.135)
Net VDD: has special routes with opens at (5.130, 35.340) (90.250, 36.335)
Net VDD: has special routes with opens at (5.130, 32.545) (90.250, 33.535)
Net VDD: has special routes with opens at (5.130, 29.745) (90.250, 30.735)
Net VDD: has special routes with opens at (5.130, 26.945) (90.250, 27.935)
Net VDD: has special routes with opens at (5.130, 24.180) (90.250, 25.135)
Net VDD: has special routes with opens at (5.130, 21.345) (90.250, 22.335)
Net VDD: has special routes with opens at (5.130, 18.545) (90.250, 19.535)
Net VDD: has special routes with opens at (5.130, 15.745) (90.250, 16.735)
Net VDD: has special routes with opens at (5.130, 12.945) (90.250, 13.935)
Net VDD: has special routes with opens at (5.130, 10.145) (90.250, 11.135)
Net VDD: has special routes with opens at (5.130, 7.345) (90.250, 8.335)
Net VDD: has special routes with opens at (5.130, 4.955) (90.250, 5.465)
Net VSS: has special routes with opens at (5.130, 70.380) (90.250, 71.300)
Net VSS: has special routes with opens at (5.130, 73.180) (90.250, 74.065)
Net VSS: has special routes with opens at (5.130, 75.980) (90.250, 76.865)
Net VSS: has special routes with opens at (5.130, 78.815) (90.250, 79.700)
Net VSS: has special routes with opens at (5.130, 81.615) (90.250, 82.465)
Net VSS: has special routes with opens at (5.130, 84.415) (90.250, 85.265)
Net VSS: has special routes with opens at (5.130, 87.180) (90.250, 87.725)
Net VSS: has special routes with opens at (5.130, 47.980) (90.250, 48.900)
Net VSS: has special routes with opens at (5.130, 50.780) (90.250, 51.665)
Net VSS: has special routes with opens at (5.130, 53.580) (90.250, 54.500)
Net VSS: has special routes with opens at (5.130, 56.415) (90.250, 57.300)
Net VSS: has special routes with opens at (5.130, 59.215) (90.250, 60.100)
Net VSS: has special routes with opens at (5.130, 62.015) (90.250, 62.900)
Net VSS: has special routes with opens at (5.130, 64.780) (90.250, 65.700)
Net VSS: has special routes with opens at (5.130, 67.580) (90.250, 68.500)
Net VSS: has special routes with opens at (5.130, 22.780) (90.250, 23.700)
Net VSS: has special routes with opens at (5.130, 25.580) (90.250, 26.500)
Net VSS: has special routes with opens at (5.130, 28.380) (90.250, 29.300)
Net VSS: has special routes with opens at (5.130, 31.180) (90.250, 32.100)
Net VSS: has special routes with opens at (5.130, 33.980) (90.250, 34.900)
Net VSS: has special routes with opens at (5.130, 36.780) (90.250, 37.700)
Net VSS: has special routes with opens at (5.130, 39.580) (90.250, 40.500)
Net VSS: has special routes with opens at (5.130, 42.380) (90.250, 43.300)
Net VSS: has special routes with opens at (5.130, 45.215) (90.250, 46.100)
Net VSS: has special routes with opens at (5.130, 5.980) (90.250, 6.900)
Net VSS: has special routes with opens at (5.130, 8.780) (90.250, 9.700)
Net VSS: has special routes with opens at (5.130, 11.580) (90.250, 12.500)
Net VSS: has special routes with opens at (5.130, 14.380) (90.250, 15.300)
Net VSS: has special routes with opens at (5.130, 17.215) (90.250, 18.100)
Net VSS: has special routes with opens at (5.130, 19.980) (90.250, 20.865)

Begin Summary
    60 Problem(s) (IMPVFC-200): Special Wires: Pieces of the net are not connected together.
    60 total info(s) created.
End Summary
